[21:35:07:551]connect_auto_select
[21:35:07:576]\\?\hid#vid_1532&pid_0555&mi_03&col01#8&4fea0e3&0&0000#{4d1e55b2-f16f-11cf-88cb-001111000030}
[21:35:07:576]\\?\hid#vid_1532&pid_0555&mi_03&col02#8&4fea0e3&0&0001#{4d1e55b2-f16f-11cf-88cb-001111000030}
[21:35:07:577]id=VID=1532,PID=0555
[21:35:07:579]	caps.Usage=0x1
[21:35:07:579]	caps.UsagePage=0xC
[21:35:07:579]CloseHandleX
[21:35:07:579]id=VID=1532,PID=0555
[21:35:07:579]	caps.Usage=0x1
[21:35:07:579]	caps.UsagePage=0xFF00
[21:35:07:579]	caps.InputReportByteLength=64
[21:35:07:579]	caps.OutputReportByteLength=64
[21:35:07:580]	attributes.VendorID=0x1532
[21:35:07:580]	attributes.ProductID=0x555
[21:35:07:580]	SerialNumberString=O001000007
[21:35:07:580]	ManufacturerString=
[21:35:07:580]	ProductString=Razer BlackShark V2 Pro 2.4
[21:35:07:580]CloseHandleX
[21:35:07:580]try_path=\\?\hid#vid_1532&pid_0555&mi_03&col02#8&4fea0e3&0&0001#{4d1e55b2-f16f-11cf-88cb-001111000030}
[21:35:07:581]tryConnect_AWTXh
[21:35:07:581]	InputReportByteLength=64
[21:35:07:581]	OutputReportByteLength=64
[21:35:07:581]HID_Connected=\\?\hid#vid_1532&pid_0555&mi_03&col02#8&4fea0e3&0&0001#{4d1e55b2-f16f-11cf-88cb-001111000030}
[21:35:07:582]ystech_read_fw_version
[21:35:07:583][HID_TX]02-84-01-DE-52-01-00-00-00-00-00-00-00-00-00-00-00-00-00-00-00-00-00-00-00-00-00-00-00-00-00-00-00-00-00-00-00-00-00-00-00-00-00-00-00-00-00-00-00-00-00-00-00-00-00-00-00-00-00-00-00-00-00-00
[21:35:07:585]HidD_GetInputReport=True
[21:35:07:585]reply_report=02-4F-4F-31-2E-30-2E-37-00-00-00-00-00-00-00-00-00-00-00-00-00-00-00-00-00-00-00-00-00-00-00-00-00-00-00-00-00-00-00-00-00-00-00-00-00-00-00-00-00-00-00-00-00-00-00-00-00-00-00-00-00-00-00-00
[21:35:07:585]ystech_read_fw_version
[21:35:07:585][HID_TX]02-84-01-DE-52-01-00-00-00-00-00-00-00-00-00-00-00-00-00-00-00-00-00-00-00-00-00-00-00-00-00-00-00-00-00-00-00-00-00-00-00-00-00-00-00-00-00-00-00-00-00-00-00-00-00-00-00-00-00-00-00-00-00-00
[21:35:07:587]HidD_GetInputReport=True
[21:35:07:587]reply_report=02-4F-4F-31-2E-30-2E-37-00-00-00-00-00-00-00-00-00-00-00-00-00-00-00-00-00-00-00-00-00-00-00-00-00-00-00-00-00-00-00-00-00-00-00-00-00-00-00-00-00-00-00-00-00-00-00-00-00-00-00-00-00-00-00-00
[21:35:07:587][ys_tech] fw_version=O1.0.7
[21:35:07:587]path_connected=\\?\hid#vid_1532&pid_0555&mi_03&col02#8&4fea0e3&0&0001#{4d1e55b2-f16f-11cf-88cb-001111000030}
[21:35:07:589][HID_TX]02-80-13-47-8D-50-41-06-01-0D-00-25-34-12-5A-5A-01-00-00-00-F0-00-00-00-00-00-00-00-00-00-00-00-00-00-00-00-00-00-00-00-00-00-00-00-00-00-00-00-00-00-00-00-00-00-00-00-00-00-00-00-00-00-00-00
[21:35:07:591]HidD_GetInputReport=True
[21:35:07:591]reply_report=02-46-00-00-00-00-00-00-00-00-00-00-00-00-00-00-00-00-00-00-00-00-00-00-00-00-00-00-00-00-00-00-00-00-00-00-00-00-00-00-00-00-00-00-00-00-00-00-00-00-00-00-00-00-00-00-00-00-00-00-00-00-00-00
[21:35:07:591][Response Fail][System.Exception]
[21:35:07:593]   at TwsTester.hid.HID.ystech_get_status_report(Boolean is_retried)
   at TwsTester.hid.HID.ystech_write64(Byte hid_cmd, Byte[] cmds)
[21:35:07:653]_ystech_retry_count=1
[21:35:07:653][HID_TX]02-80-13-47-8D-50-41-06-01-0D-00-25-34-12-5A-5A-01-00-00-00-F0-00-00-00-00-00-00-00-00-00-00-00-00-00-00-00-00-00-00-00-00-00-00-00-00-00-00-00-00-00-00-00-00-00-00-00-00-00-00-00-00-00-00-00
[21:35:07:654]HidD_GetInputReport=True
[21:35:07:654]reply_report=02-4F-00-00-00-00-00-00-00-00-00-00-00-00-00-00-00-00-00-00-00-00-00-00-00-00-00-00-00-00-00-00-00-00-00-00-00-00-00-00-00-00-00-00-00-00-00-00-00-00-00-00-00-00-00-00-00-00-00-00-00-00-00-00
[21:35:07:655]50-41-06-01-0D-00-25-34-12-5A-5A-01-00-00-00-F0-00-00-00 [CMD_SENT][OTA_CMD_IOCTL][READ_MAX_LEN=240]
[21:35:07:659][HID_TX_ack]02-11-50-49-01-C0-85-11-07-00-07-00-06-81-00-F0-00-00-00-44-30-02-00-03-00-11-98-10-00-00-00-00-00-00-00-00-00-00-00-00-00-00-00-00-00-00-00-00-00-00-00-00-00-00-00-00-00-00-00-00-00-00-00-00
[21:35:07:664]50-49-01-C0-85-11-07-00-07-00-06-81-00-F0-00-00-00
[21:35:07:664][HID_TX]02-80-06-53-82-50-41-0E-02-01-E6-00-00-00-00-00-00-00-00-00-00-00-00-00-00-00-00-00-00-00-00-00-00-00-00-00-00-00-00-00-00-00-00-00-00-00-00-00-00-00-00-00-00-00-00-00-00-00-00-00-00-00-00-00
[21:35:07:666]HidD_GetInputReport=True
[21:35:07:666]reply_report=02-4F-00-00-00-00-00-00-00-00-00-00-00-00-00-00-00-00-00-00-00-00-00-00-00-00-00-00-00-00-00-00-00-00-00-00-00-00-00-00-00-00-00-00-00-00-00-00-00-00-00-00-00-00-00-00-00-00-00-00-00-00-00-00
[21:35:07:666]50-41-0E-02-01-E6 [CMD_SENT][TX_DG_GET_CONNECT_STATUS_EX]
[21:35:07:669][HID_TX_ack]02-19-50-49-01-C0-8E-11-07-00-03-00-0E-82-00-50-49-0E-CC-00-00-00-00-02-00-E6-1B-10-00-00-00-00-00-00-00-00-00-00-00-00-00-00-00-00-00-00-00-00-00-00-00-00-00-00-00-00-00-00-00-00-00-00-00-00
[21:35:07:669]50-49-01-C0-8E-11-07-00-03-00-0E-82-00
[21:35:07:669]50-49-0E-CC-00-00-00-00-02-00-E6-1B-
[21:35:07:669]TX_DG_GET_CONNECT_STATUS_EX=1B
[21:35:07:760][HID_TX]02-80-06-A5-BA-50-41-0E-03-01-E0-00-00-00-00-00-00-00-00-00-00-00-00-00-00-00-00-00-00-00-00-00-00-00-00-00-00-00-00-00-00-00-00-00-00-00-00-00-00-00-00-00-00-00-00-00-00-00-00-00-00-00-00-00
[21:35:07:761]HidD_GetInputReport=True
[21:35:07:761]reply_report=02-4F-00-00-00-00-00-00-00-00-00-00-00-00-00-00-00-00-00-00-00-00-00-00-00-00-00-00-00-00-00-00-00-00-00-00-00-00-00-00-00-00-00-00-00-00-00-00-00-00-00-00-00-00-00-00-00-00-00-00-00-00-00-00
[21:35:07:761]50-41-0E-03-01-E0 [CMD_SENT][REMOTE_GET_MODE]
[21:35:07:764][HID_TX_ack]02-19-50-49-01-C0-DA-11-07-00-03-00-0E-83-00-50-49-0E-CD-00-00-00-00-02-00-E0-00-10-00-00-00-00-00-00-00-00-00-00-00-00-00-00-00-00-00-00-00-00-00-00-00-00-00-00-00-00-00-00-00-00-00-00-00-00
[21:35:07:764]50-49-01-C0-DA-11-07-00-03-00-0E-83-00
[21:35:07:764]50-49-0E-CD-00-00-00-00-02-00-E0-00-
[21:35:07:764]REMOTE_GET_MODE=00
[21:35:07:765]send_OTA_CMD_GET_IMAGE_VERSION=MC
[21:35:07:765][HID_TX]02-80-0A-93-5D-50-41-06-04-04-00-34-01-4D-43-00-00-00-00-00-00-00-00-00-00-00-00-00-00-00-00-00-00-00-00-00-00-00-00-00-00-00-00-00-00-00-00-00-00-00-00-00-00-00-00-00-00-00-00-00-00-00-00-00
[21:35:07:766]HidD_GetInputReport=True
[21:35:07:766]reply_report=02-4F-00-00-00-00-00-00-00-00-00-00-00-00-00-00-00-00-00-00-00-00-00-00-00-00-00-00-00-00-00-00-00-00-00-00-00-00-00-00-00-00-00-00-00-00-00-00-00-00-00-00-00-00-00-00-00-00-00-00-00-00-00-00
[21:35:07:766]50-41-06-04-04-00-34-01-4D-43 [CMD_SENT][OTA_CMD_GET_IMAGE_VERSION]
[21:35:07:770][HID_TX_ack]02-11-50-49-01-C0-DF-11-07-00-07-00-06-84-00-02-03-00-00-00-00-00-00-02-00-E0-00-10-00-00-00-00-00-00-00-00-00-00-00-00-00-00-00-00-00-00-00-00-00-00-00-00-00-00-00-00-00-00-00-00-00-00-00-00
[21:35:07:770]50-49-01-C0-DF-11-07-00-07-00-06-84-00-02-03-00-00
[21:35:07:771]ystech_read_cust_version
[21:35:07:771][HID_TX]02-89-01-32-91-01-00-00-00-00-00-00-00-00-00-00-00-00-00-00-00-00-00-00-00-00-00-00-00-00-00-00-00-00-00-00-00-00-00-00-00-00-00-00-00-00-00-00-00-00-00-00-00-00-00-00-00-00-00-00-00-00-00-00
[21:35:07:772]HidD_GetInputReport=True
[21:35:07:772]reply_report=02-4F-32-2E-33-2E-30-2E-30-00-00-00-00-00-00-00-00-00-00-00-00-00-00-00-00-00-00-00-00-00-00-00-00-00-00-00-00-00-00-00-00-00-00-00-00-00-00-00-00-00-00-00-00-00-00-00-00-00-00-00-00-00-00-00
[21:35:07:776][HID_TX]02-80-06-27-57-50-41-0E-05-01-E6-00-00-00-00-00-00-00-00-00-00-00-00-00-00-00-00-00-00-00-00-00-00-00-00-00-00-00-00-00-00-00-00-00-00-00-00-00-00-00-00-00-00-00-00-00-00-00-00-00-00-00-00-00
[21:35:07:778]HidD_GetInputReport=True
[21:35:07:778]reply_report=02-4F-00-00-00-00-00-00-00-00-00-00-00-00-00-00-00-00-00-00-00-00-00-00-00-00-00-00-00-00-00-00-00-00-00-00-00-00-00-00-00-00-00-00-00-00-00-00-00-00-00-00-00-00-00-00-00-00-00-00-00-00-00-00
[21:35:07:778]50-41-0E-05-01-E6 [CMD_SENT][TX_DG_GET_CONNECT_STATUS_EX]
[21:35:07:780][HID_TX_ack]02-19-50-49-01-C0-E7-11-07-00-03-00-0E-85-00-50-49-0E-CE-00-00-00-00-02-00-E6-1B-10-00-00-00-00-00-00-00-00-00-00-00-00-00-00-00-00-00-00-00-00-00-00-00-00-00-00-00-00-00-00-00-00-00-00-00-00
[21:35:07:780]50-49-01-C0-E7-11-07-00-03-00-0E-85-00
[21:35:07:780]50-49-0E-CE-00-00-00-00-02-00-E6-1B-
[21:35:07:780]status=27
[21:35:07:781][HID_TX]02-80-07-47-EB-50-41-0E-06-02-E1-01-00-00-00-00-00-00-00-00-00-00-00-00-00-00-00-00-00-00-00-00-00-00-00-00-00-00-00-00-00-00-00-00-00-00-00-00-00-00-00-00-00-00-00-00-00-00-00-00-00-00-00-00
[21:35:07:783]HidD_GetInputReport=True
[21:35:07:783]reply_report=02-4F-00-00-00-00-00-00-00-00-00-00-00-00-00-00-00-00-00-00-00-00-00-00-00-00-00-00-00-00-00-00-00-00-00-00-00-00-00-00-00-00-00-00-00-00-00-00-00-00-00-00-00-00-00-00-00-00-00-00-00-00-00-00
[21:35:07:783]50-41-0E-06-02-E1-01 [CMD_SENT][REMOTE_SET_MODE] is_remote=True
[21:35:07:785][HID_TX_ack]02-0D-50-49-01-C0-EB-11-07-00-03-00-0E-86-00-50-49-0E-CE-00-00-00-00-02-00-E6-1B-10-00-00-00-00-00-00-00-00-00-00-00-00-00-00-00-00-00-00-00-00-00-00-00-00-00-00-00-00-00-00-00-00-00-00-00-00
[21:35:07:785]50-49-01-C0-EB-11-07-00-03-00-0E-86-00
[21:35:07:785][HID_TX]02-80-13-F4-19-50-41-06-07-0D-00-25-34-12-5A-5A-01-00-00-00-F0-00-00-00-00-00-00-00-00-00-00-00-00-00-00-00-00-00-00-00-00-00-00-00-00-00-00-00-00-00-00-00-00-00-00-00-00-00-00-00-00-00-00-00
[21:35:07:787]HidD_GetInputReport=True
[21:35:07:787]reply_report=02-4F-00-00-00-00-00-00-00-00-00-00-00-00-00-00-00-00-00-00-00-00-00-00-00-00-00-00-00-00-00-00-00-00-00-00-00-00-00-00-00-00-00-00-00-00-00-00-00-00-00-00-00-00-00-00-00-00-00-00-00-00-00-00
[21:35:07:787]50-41-06-07-0D-00-25-34-12-5A-5A-01-00-00-00-F0-00-00-00 [CMD_SENT][OTA_CMD_IOCTL][READ_MAX_LEN=240]
[21:35:07:802][HID_TX_ack]02-11-50-49-01-CF-E9-56-0C-00-07-00-06-87-00-F0-00-00-00-00-00-00-00-02-00-E6-1B-10-00-00-00-00-00-00-00-00-00-00-00-00-00-00-00-00-00-00-00-00-00-00-00-00-00-00-00-00-00-00-00-00-00-00-00-00
[21:35:07:802]50-49-01-CF-E9-56-0C-00-07-00-06-87-00-F0-00-00-00
[21:35:07:802][HID_TX]02-80-06-96-56-50-41-0E-08-01-E0-00-00-00-00-00-00-00-00-00-00-00-00-00-00-00-00-00-00-00-00-00-00-00-00-00-00-00-00-00-00-00-00-00-00-00-00-00-00-00-00-00-00-00-00-00-00-00-00-00-00-00-00-00
[21:35:07:802]HidD_GetInputReport=True
[21:35:07:802]reply_report=02-4F-00-00-00-00-00-00-00-00-00-00-00-00-00-00-00-00-00-00-00-00-00-00-00-00-00-00-00-00-00-00-00-00-00-00-00-00-00-00-00-00-00-00-00-00-00-00-00-00-00-00-00-00-00-00-00-00-00-00-00-00-00-00
[21:35:07:802]50-41-0E-08-01-E0 [CMD_SENT][REMOTE_GET_MODE]
[21:35:07:805][HID_TX_ack]02-19-50-49-01-C0-FB-11-07-00-03-00-0E-88-00-50-49-0E-D0-00-00-00-00-02-00-E0-01-10-00-00-00-00-00-00-00-00-00-00-00-00-00-00-00-00-00-00-00-00-00-00-00-00-00-00-00-00-00-00-00-00-00-00-00-00
[21:35:07:805]50-49-01-C0-FB-11-07-00-03-00-0E-88-00
[21:35:07:805]50-49-0E-D0-00-00-00-00-02-00-E0-01-
[21:35:07:805]REMOTE_GET_MODE=01
[21:35:07:806]send_OTA_CMD_GET_IMAGE_VERSION=MC
[21:35:07:806][HID_TX]02-80-0A-13-25-50-41-06-09-04-00-34-01-4D-43-00-00-00-00-00-00-00-00-00-00-00-00-00-00-00-00-00-00-00-00-00-00-00-00-00-00-00-00-00-00-00-00-00-00-00-00-00-00-00-00-00-00-00-00-00-00-00-00-00
[21:35:07:808]HidD_GetInputReport=True
[21:35:07:808]reply_report=02-4F-00-00-00-00-00-00-00-00-00-00-00-00-00-00-00-00-00-00-00-00-00-00-00-00-00-00-00-00-00-00-00-00-00-00-00-00-00-00-00-00-00-00-00-00-00-00-00-00-00-00-00-00-00-00-00-00-00-00-00-00-00-00
[21:35:07:808]50-41-06-09-04-00-34-01-4D-43 [CMD_SENT][OTA_CMD_GET_IMAGE_VERSION]
[21:35:07:823][HID_TX_ack]02-11-50-49-01-D1-FA-56-0C-00-07-00-06-89-00-02-06-0B-00-00-00-00-00-02-00-E0-01-10-00-00-00-00-00-00-00-00-00-00-00-00-00-00-00-00-00-00-00-00-00-00-00-00-00-00-00-00-00-00-00-00-00-00-00-00
[21:35:07:823]50-49-01-D1-FA-56-0C-00-07-00-06-89-00-02-06-0B-00
[21:35:11:888][HID_TX_ack]02-0E-50-49-08-D2-9D-63-0C-00-04-00-55-02-01-01-06-0B-00-00-00-00-00-02-00-E0-01-10-00-00-00-00-00-00-00-00-00-00-00-00-00-00-00-00-00-00-00-00-00-00-00-00-00-00-00-00-00-00-00-00-00-00-00-00
[21:35:11:888]50-49-08-D2-9D-63-0C-00-04-00-55-02-01-01
[21:35:11:922][HID_TX_ack]02-0E-50-49-08-D3-C4-63-0C-00-04-00-55-02-01-00-06-0B-00-00-00-00-00-02-00-E0-01-10-00-00-00-00-00-00-00-00-00-00-00-00-00-00-00-00-00-00-00-00-00-00-00-00-00-00-00-00-00-00-00-00-00-00-00-00
[21:35:11:922]50-49-08-D3-C4-63-0C-00-04-00-55-02-01-00
[21:35:15:830][HID_TX_ack]02-0E-50-49-08-D4-F9-6F-0C-00-04-00-55-02-01-01-06-0B-00-00-00-00-00-02-00-E0-01-10-00-00-00-00-00-00-00-00-00-00-00-00-00-00-00-00-00-00-00-00-00-00-00-00-00-00-00-00-00-00-00-00-00-00-00-00
[21:35:15:830]50-49-08-D4-F9-6F-0C-00-04-00-55-02-01-01
[21:35:33:415][HID_TX_ack]02-0E-50-49-08-D5-EF-A6-0C-00-04-00-55-02-01-00-06-0B-00-00-00-00-00-02-00-E0-01-10-00-00-00-00-00-00-00-00-00-00-00-00-00-00-00-00-00-00-00-00-00-00-00-00-00-00-00-00-00-00-00-00-00-00-00-00
[21:35:33:415]50-49-08-D5-EF-A6-0C-00-04-00-55-02-01-00
[21:35:39:499][The device is not connected.
][System.IO.IOException]
[21:35:39:501]   at System.IO.__Error.WinIOError(Int32 errorCode, String maybeFullPath)
   at System.IO.FileStream.EndRead(IAsyncResult asyncResult)
   at TwsTester.hid.HID.ReadCompleted(IAsyncResult iResult)
[21:35:39:502][The device is not connected.
][System.IO.IOException]
[21:35:39:502]   at System.IO.__Error.WinIOError(Int32 errorCode, String maybeFullPath)
   at System.IO.FileStream.BeginReadCore(Byte[] bytes, Int32 offset, Int32 numBytes, AsyncCallback userCallback, Object stateObject, Int32 numBufferedBytesRead)
   at System.IO.FileStream.BeginReadAsync(Byte[] array, Int32 offset, Int32 numBytes, AsyncCallback userCallback, Object stateObject)
   at System.IO.FileStream.BeginRead(Byte[] array, Int32 offset, Int32 numBytes, AsyncCallback userCallback, Object stateObject)
   at TwsTester.hid.HID.BeginAsyncRead()
[21:35:39:503]ystech_Power_Saving, is_EnablePowerSaving=True
[21:35:39:503][HID_TX]02-85-01-E1-BE-02-00-00-00-00-00-00-00-00-00-00-00-00-00-00-00-00-00-00-00-00-00-00-00-00-00-00-00-00-00-00-00-00-00-00-00-00-00-00-00-00-00-00-00-00-00-00-00-00-00-00-00-00-00-00-00-00-00-00
[21:35:39:503][The device is not connected.
][System.IO.IOException]
[21:35:39:503]   at System.IO.__Error.WinIOError(Int32 errorCode, String maybeFullPath)
   at System.IO.FileStream.BeginWriteCore(Byte[] bytes, Int32 offset, Int32 numBytes, AsyncCallback userCallback, Object stateObject)
   at System.IO.FileStream.WriteCore(Byte[] buffer, Int32 offset, Int32 count)
   at System.IO.FileStream.Write(Byte[] array, Int32 offset, Int32 count)
   at TwsTester.hid.HID.ystech_write64(Byte hid_cmd, Byte[] cmds)
[21:35:39:503]CloseHandleX
[21:35:39:503][connect HID device fail : The device is not connected.
][System.Exception]
[21:35:39:503]   at TwsTester.hid.HID.ystech_write64(Byte hid_cmd, Byte[] cmds)
   at TwsTester.hid.HID.ystech_Power_Saving(Boolean is_EnablePowerSaving)
   at TwsTester.hid.HID.close()
[21:35:39:503]close_hid_stream
[21:35:39:503]CloseHandleX
[21:35:39:503]close_hid_handle
